<?xml version="1.0" encoding="UTF-8"?>
<!-- Generated by org.testng.reporters.JUnitReportReporter -->
<testsuite hostname="tubas-MBP.lan" name="com.qa.verizon.test.HomePageTest" tests="3" failures="0" timestamp="1 Aug 2020 03:04:56 GMT" time="3.927" errors="0">
  <testcase name="Clickphone" time="0.173" classname="com.qa.verizon.test.HomePageTest"/>
  <testcase name="verifyPagetitle" time="0.035" classname="com.qa.verizon.test.HomePageTest"/>
  <testcase name="ClickSmartPhone" time="3.719" classname="com.qa.verizon.test.HomePageTest"/>
</testsuite> <!-- com.qa.verizon.test.HomePageTest -->
