<?xml version="1.0" encoding="UTF-8"?>
<!-- Generated by org.testng.reporters.JUnitReportReporter -->
<testsuite hostname="tubas-MBP.lan" name="com.qa.verizon.test.SmartPhoneTest" tests="1" failures="0" timestamp="10 Jul 2020 05:52:12 GMT" time="11.283" errors="0">
  <testcase name="chooseColor" time="11.283" classname="com.qa.verizon.test.SmartPhoneTest"/>
</testsuite> <!-- com.qa.verizon.test.SmartPhoneTest -->
